<?xml version="1.0" encoding="utf-8"?><testsuites name="pytest tests"><testsuite name="pytest" errors="0" failures="0" skipped="0" tests="14" time="0.848" timestamp="2026-06-20T14:08:14.521915+00:00" hostname="agent-env-aff82223-f799-4dfa-9e45-79a3768daf54"><testcase classname="backend.tests.test_cards.TestCardsList" name="test_list_cards_returns_arrays" time="0.163" /><testcase classname="backend.tests.test_cards.TestCardsList" name="test_card_required_fields" time="0.047" /><testcase classname="backend.tests.test_cards.TestCardsList" name="test_category_required_fields" time="0.044" /><testcase classname="backend.tests.test_cards.TestCardsBest" name="test_best_fuel_returns_ranked" time="0.070" /><testcase classname="backend.tests.test_cards.TestCardsBest" name="test_best_other_categories[online_shopping]" time="0.045" /><testcase classname="backend.tests.test_cards.TestCardsBest" name="test_best_other_categories[food_delivery]" time="0.044" /><testcase classname="backend.tests.test_cards.TestCardsBest" name="test_best_other_categories[groceries]" time="0.045" /><testcase classname="backend.tests.test_cards.TestCardsBest" name="test_best_other_categories[travel]" time="0.046" /><testcase classname="backend.tests.test_cards.TestCardsBest" name="test_best_zero_spend_does_not_crash" time="0.043" /><testcase classname="backend.tests.test_cards.TestCardsBest" name="test_best_missing_category_returns_422" time="0.046" /><testcase classname="backend.tests.test_cards.TestCardsClick" name="test_click_basic" time="0.043" /><testcase classname="backend.tests.test_cards.TestCardsClick" name="test_click_with_pin_and_category" time="0.045" /><testcase classname="backend.tests.test_cards.TestCardsClick" name="test_click_missing_card_id_422" time="0.047" /><testcase classname="backend.tests.test_cards.TestMembershipReferralRegression" name="test_membership_status_has_referral_code" time="0.046" /></testsuite></testsuites>