<?xml version="1.0" encoding="utf-8"?><testsuites name="pytest tests"><testsuite name="pytest" errors="0" failures="0" skipped="0" tests="12" time="2.030" timestamp="2026-06-20T15:29:10.977070+00:00" hostname="agent-env-aff82223-f799-4dfa-9e45-79a3768daf54"><testcase classname="backend.tests.test_iter15_userfirst.TestPushNotificationsTrust" name="test_3day_voucher_creates_ending_soon" time="0.749" /><testcase classname="backend.tests.test_iter15_userfirst.TestPushNotificationsTrust" name="test_1day_voucher_creates_urgent" time="0.050" /><testcase classname="backend.tests.test_iter15_userfirst.TestPushNotificationsTrust" name="test_today_voucher_creates_urgent" time="0.048" /><testcase classname="backend.tests.test_iter15_userfirst.TestPushNotificationsTrust" name="test_2day_voucher_no_notification" time="0.048" /><testcase classname="backend.tests.test_iter15_userfirst.TestPushNotificationsTrust" name="test_5day_voucher_no_notification" time="0.046" /><testcase classname="backend.tests.test_iter15_userfirst.TestPushNotificationsTrust" name="test_redeemed_voucher_no_notification" time="0.049" /><testcase classname="backend.tests.test_iter15_userfirst.TestPushNotificationsTrust" name="test_idempotency_no_duplicates" time="0.597" /><testcase classname="backend.tests.test_iter15_userfirst.TestSavingsAssistant" name="test_already_optimal_on_bpcl_fuel" time="0.100" /><testcase classname="backend.tests.test_iter15_userfirst.TestSavingsAssistant" name="test_amazon_card_user_sees_bpcl_recommended" time="0.041" /><testcase classname="backend.tests.test_iter15_userfirst.TestSavingsAssistant" name="test_no_current_card_returns_delta_null" time="0.043" /><testcase classname="backend.tests.test_iter15_userfirst.TestAffiliateTracking" name="test_click_persists_new_fields" time="0.132" /><testcase classname="backend.tests.test_iter15_userfirst.TestRegressions" name="test_membership_status_has_referral_code" time="0.045" /></testsuite></testsuites>