<?xml version="1.0" encoding="utf-8"?><testsuites name="pytest tests"><testsuite name="pytest" errors="0" failures="0" skipped="2" tests="20" time="2.901" timestamp="2026-06-20T16:46:07.168144+00:00" hostname="agent-env-aff82223-f799-4dfa-9e45-79a3768daf54"><testcase classname="backend.tests.test_iter18_admin_registry.TestAdminRoleSeed" name="test_admin_role_on_me" time="0.471" /><testcase classname="backend.tests.test_iter18_admin_registry.TestAdminRoleSeed" name="test_non_admin_role" time="0.420" /><testcase classname="backend.tests.test_iter18_admin_registry.TestAdminGate" name="test_no_token_blocked" time="0.102" /><testcase classname="backend.tests.test_iter18_admin_registry.TestAdminGate" name="test_non_admin_403" time="0.098" /><testcase classname="backend.tests.test_iter18_admin_registry.TestStats" name="test_stats_shape" time="0.102" /><testcase classname="backend.tests.test_iter18_admin_registry.TestPendingList" name="test_pending_default" time="0.104" /><testcase classname="backend.tests.test_iter18_admin_registry.TestPendingList" name="test_pending_filter_all" time="0.100" /><testcase classname="backend.tests.test_iter18_admin_registry.TestPendingList" name="test_pending_filter_approved" time="0.091" /><testcase classname="backend.tests.test_iter18_admin_registry.TestSingleApproveReject" name="test_single_approve_flow" time="0.110"><skipped type="pytest.skip" message="No pending items available to approve">/app/backend/tests/test_iter18_admin_registry.py:144: No pending items available to approve</skipped></testcase><testcase classname="backend.tests.test_iter18_admin_registry.TestSingleApproveReject" name="test_approve_already_approved_returns_409" time="0.207" /><testcase classname="backend.tests.test_iter18_admin_registry.TestSingleApproveReject" name="test_single_reject_flow" time="0.098"><skipped type="pytest.skip" message="No pending items available to reject">/app/backend/tests/test_iter18_admin_registry.py:193: No pending items available to reject</skipped></testcase><testcase classname="backend.tests.test_iter18_admin_registry.TestBulkOps" name="test_bulk_approve_shape" time="0.112" /><testcase classname="backend.tests.test_iter18_admin_registry.TestBulkOps" name="test_bulk_reject_shape" time="0.098" /><testcase classname="backend.tests.test_iter18_admin_registry.TestChangelog" name="test_changelog_sort_and_shape" time="0.102" /><testcase classname="backend.tests.test_iter18_admin_registry.TestRuns" name="test_runs_list" time="0.098" /><testcase classname="backend.tests.test_iter18_admin_registry.TestRegression" name="test_loyalty_classify" time="0.102" /><testcase classname="backend.tests.test_iter18_admin_registry.TestRegression" name="test_loyalty_programs" time="0.103" /><testcase classname="backend.tests.test_iter18_admin_registry.TestRegression" name="test_cards" time="0.090" /><testcase classname="backend.tests.test_iter18_admin_registry.TestRegression" name="test_vouchers" time="0.096" /><testcase classname="backend.tests.test_iter18_admin_registry.TestRegression" name="test_notifications" time="0.102" /></testsuite></testsuites>