<?xml version="1.0" encoding="utf-8"?><testsuites name="pytest tests"><testsuite name="pytest" errors="0" failures="0" skipped="0" tests="11" time="2.005" timestamp="2026-06-17T11:37:59.158694+00:00" hostname="agent-env-aff82223-f799-4dfa-9e45-79a3768daf54"><testcase classname="backend.tests.test_webhook_export.TestWebhook" name="test_invalid_signature_returns_400" time="0.284" /><testcase classname="backend.tests.test_webhook_export.TestWebhook" name="test_missing_signature_header_returns_400" time="0.110" /><testcase classname="backend.tests.test_webhook_export.TestWebhook" name="test_payment_captured_returns_ok_applied" time="0.105" /><testcase classname="backend.tests.test_webhook_export.TestWebhook" name="test_duplicate_event_returns_duplicate_true" time="0.215" /><testcase classname="backend.tests.test_webhook_export.TestWebhook" name="test_payment_failed_returns_applied" time="0.094" /><testcase classname="backend.tests.test_webhook_export.TestWebhook" name="test_refund_created_returns_applied" time="0.095" /><testcase classname="backend.tests.test_webhook_export.TestExport" name="test_export_without_auth_returns_401" time="0.097" /><testcase classname="backend.tests.test_webhook_export.TestExport" name="test_export_json_with_auth" time="0.698" /><testcase classname="backend.tests.test_webhook_export.TestExport" name="test_export_csv_with_auth" time="0.085" /><testcase classname="backend.tests.test_webhook_export.TestExport" name="test_export_xml_returns_422" time="0.044" /><testcase classname="backend.tests.test_webhook_export.TestExport" name="test_export_contains_user_voucher" time="0.096" /></testsuite></testsuites>